<?xml version="1.0" encoding="UTF-8"?>
<!-- Generated by org.testng.reporters.JUnitReportReporter -->
<testsuite hostname="QT-INBG-LT1946" failures="0" tests="1" name="MobileWorld.signup1" time="10.231" errors="0" timestamp="2022-09-19T16:39:31 IST" skipped="0">
  <testcase classname="MobileWorld.signup1" name="signup" time="10.231"/>
  <system-out/>
</testsuite> <!-- MobileWorld.signup1 -->
