<?xml version="1.0" encoding="UTF-8"?>
<!-- Generated by org.testng.reporters.JUnitReportReporter -->
<testsuite hostname="QT-INBG-LT1946" failures="0" tests="1" name="pom.signup1" time="7.928" errors="0" timestamp="2022-09-16T17:00:43 IST" skipped="0">
  <testcase classname="pom.signup1" name="signup" time="7.928"/>
  <system-out/>
</testsuite> <!-- pom.signup1 -->
