<?xml version="1.0" encoding="UTF-8"?>
<!-- Generated by org.testng.reporters.JUnitReportReporter -->
<testsuite hostname="QT-INBG-LT1946" failures="0" tests="1" name="pom.signin1" time="7.436" errors="0" timestamp="2022-09-16T17:13:57 IST" skipped="0">
  <testcase classname="pom.signin1" name="signin" time="7.436"/>
  <system-out/>
</testsuite> <!-- pom.signin1 -->
