<?xml version="1.0" encoding="UTF-8"?>
<!-- Generated by org.testng.reporters.JUnitReportReporter -->
<testsuite hostname="QT-INBG-LT1946" failures="0" tests="1" name="MobileWorld.signin1" time="5.240" errors="0" timestamp="2022-09-19T16:39:31 IST" skipped="0">
  <testcase classname="MobileWorld.signin1" name="signin" time="5.240"/>
  <system-out/>
</testsuite> <!-- MobileWorld.signin1 -->
